# JRE version: Java(TM) SE Runtime Environment (15.0.1+9) (build 15.0.1+9-18)
# Java VM: Java HotSpot(TM) 64-Bit Server VM (15.0.1+9-18, mixed mode, sharing, tiered, compressed oops, g1 gc, linux-amd64)
GC Precious Log:
 CPUs: 4 total, 4 available
 Memory: 7478M
 Large Page Support: Disabled
 NUMA Support: Disabled
 Compressed Oops: Enabled (32-bit)
 Heap Region Size: 1M
 Heap Min Capacity: 8M
 Heap Initial Capacity: 118M
 Heap Max Capacity: 1870M
 Pre-touch: Disabled
 Parallel Workers: 4
 Concurrent Workers: 1
 Concurrent Refinement Workers: 4
 Periodic GC: Disabled
Heap:
 garbage-first heap   total 122880K, used 38409K [0x000000008b200000, 0x0000000100000000)
  region size 1024K, 25 young (25600K), 3 survivors (3072K)
 Metaspace       used 9815K, capacity 9986K, committed 10240K, reserved 1058816K
  class space    used 975K, capacity 1020K, committed 1024K, reserved 1048576K
GC Heap History (6 events):
Event: 0,491 GC heap before
{Heap before GC invocations=0 (full 0):
 garbage-first heap   total 122880K, used 14136K [0x000000008b200000, 0x0000000100000000)
  region size 1024K, 13 young (13312K), 0 survivors (0K)
 Metaspace       used 2320K, capacity 5889K, committed 6016K, reserved 1056768K
  class space    used 230K, capacity 555K, committed 640K, reserved 1048576K
}
Event: 0,508 GC heap after
{Heap after GC invocations=1 (full 0):
 garbage-first heap   total 122880K, used 5973K [0x000000008b200000, 0x0000000100000000)
  region size 1024K, 2 young (2048K), 2 survivors (2048K)
 Metaspace       used 2320K, capacity 5889K, committed 6016K, reserved 1056768K
  class space    used 230K, capacity 555K, committed 640K, reserved 1048576K
}
Event: 0,537 GC heap before
{Heap before GC invocations=1 (full 0):
 garbage-first heap   total 122880K, used 14165K [0x000000008b200000, 0x0000000100000000)
  region size 1024K, 10 young (10240K), 2 survivors (2048K)
 Metaspace       used 2320K, capacity 5889K, committed 6016K, reserved 1056768K
  class space    used 230K, capacity 555K, committed 640K, reserved 1048576K
}
Event: 0,551 GC heap after
{Heap after GC invocations=2 (full 0):
 garbage-first heap   total 122880K, used 9902K [0x000000008b200000, 0x0000000100000000)
  region size 1024K, 2 young (2048K), 2 survivors (2048K)
 Metaspace       used 2320K, capacity 5889K, committed 6016K, reserved 1056768K
  class space    used 230K, capacity 555K, committed 640K, reserved 1048576K
}
Event: 1,026 GC heap before
{Heap before GC invocations=2 (full 0):
 garbage-first heap   total 122880K, used 25262K [0x000000008b200000, 0x0000000100000000)
  region size 1024K, 17 young (17408K), 2 survivors (2048K)
 Metaspace       used 6093K, capacity 6267K, committed 6272K, reserved 1056768K
  class space    used 590K, capacity 640K, committed 640K, reserved 1048576K
}
Event: 1,046 GC heap after
{Heap after GC invocations=3 (full 0):
 garbage-first heap   total 122880K, used 16905K [0x000000008b200000, 0x0000000100000000)
  region size 1024K, 3 young (3072K), 3 survivors (3072K)
 Metaspace       used 6093K, capacity 6267K, committed 6272K, reserved 1056768K
  class space    used 590K, capacity 640K, committed 640K, reserved 1048576K
}

